<?xml version="1.0" encoding="UTF-8"?>
<!-- Generated by org.testng.reporters.JUnitXMLReporter -->
<testsuite ignored="0" hostname="Bharathi" failures="1" tests="2" name="launchchrome" time="5.184" errors="0" timestamp="2023-07-01T14:54:15 IST">
  <testcase classname="com.TestNGProject.OrangeHrm" name="Browserlaunch" time="5.13"/>
  <testcase classname="com.TestNGProject.OrangeHrm" name="Login_Page" time="0.002">
    <failure type="java.lang.NullPointerException">
      <![CDATA[java.lang.NullPointerException
at com.TestNGProject.Methods.inputToElement(Methods.java:63)
at com.TestNGProject.OrangeHrm.Login_Page(OrangeHrm.java:16)
at java.base/java.util.ArrayList.forEach(ArrayList.java:1541)
... Removed 27 stack frames]]>
    </failure>
  </testcase> <!-- Login_Page -->
</testsuite> <!-- launchchrome -->
