<?xml version="1.0" encoding="UTF-8"?>
<!-- Generated by org.testng.reporters.JUnitXMLReporter -->
<testsuite ignored="0" hostname="Bharathi" failures="1" tests="2" name="chrome" time="9.278" errors="0" timestamp="2023-07-01T15:28:21 IST">
  <testcase classname="com.TestNGProject.OrangeHrm" name="browserlaunch" time="9.215"/>
  <testcase classname="com.TestNGProject.OrangeHrm" name="pageLogin" time="0.015">
    <failure type="java.lang.NullPointerException">
      <![CDATA[java.lang.NullPointerException
at org.openqa.selenium.support.pagefactory.DefaultElementLocator.findElement(DefaultElementLocator.java:69)
at org.openqa.selenium.support.pagefactory.internal.LocatingElementHandler.invoke(LocatingElementHandler.java:38)
at com.sun.proxy.$Proxy9.sendKeys(Unknown Source)
at com.TestNGProject.Methods.inputToElement(Methods.java:63)
at com.TestNGProject.OrangeHrm.pageLogin(OrangeHrm.java:16)
at java.base/java.util.ArrayList.forEach(ArrayList.java:1541)
... Removed 27 stack frames]]>
    </failure>
  </testcase> <!-- pageLogin -->
</testsuite> <!-- chrome -->
